#! /usr/local/Cellar/icarus-verilog/11.0/bin/vvp
:ivl_version "11.0 (stable)";
:ivl_delay_selection "TYPICAL";
:vpi_time_precision - 12;
:vpi_module "/usr/local/Cellar/icarus-verilog/11.0/lib/ivl/system.vpi";
:vpi_module "/usr/local/Cellar/icarus-verilog/11.0/lib/ivl/vhdl_sys.vpi";
:vpi_module "/usr/local/Cellar/icarus-verilog/11.0/lib/ivl/vhdl_textio.vpi";
:vpi_module "/usr/local/Cellar/icarus-verilog/11.0/lib/ivl/v2005_math.vpi";
:vpi_module "/usr/local/Cellar/icarus-verilog/11.0/lib/ivl/va_math.vpi";
S_0x7f8846a04080 .scope module, "cordic_tb" "cordic_tb" 2 7;
 .timescale -9 -12;
v0x6000003c8bd0_0 .var/s "angle_in", 1 -16;
v0x6000003c8c60_0 .net/s "angle_out", 1 -16, L_0x600001ac4150;  1 drivers
v0x6000003c8cf0_0 .var "clk", 0 0;
v0x6000003c8d80_0 .net/s "cos_out", 1 -16, L_0x600001ac4070;  1 drivers
v0x6000003c8e10_0 .var/i "count", 31 0;
v0x6000003c8ea0_0 .net "done", 0 0, L_0x600001ac4000;  1 drivers
v0x6000003c8f30_0 .var "init", 0 0;
v0x6000003c8fc0_0 .net/s "sin_out", 1 -16, L_0x600001ac40e0;  1 drivers
S_0x7f8846a041f0 .scope module, "dut" "CORDIC" 2 46, 3 8 0, S_0x7f8846a04080;
 .timescale -9 -12;
    .port_info 0 /OUTPUT 18 "cosine";
    .port_info 1 /OUTPUT 18 "sine";
    .port_info 2 /OUTPUT 18 "angle";
    .port_info 3 /OUTPUT 1 "done";
    .port_info 4 /INPUT 18 "target_angle";
    .port_info 5 /INPUT 1 "init";
    .port_info 6 /INPUT 1 "clk";
L_0x600001ac4000 .functor BUFZ 1, v0x6000003c87e0_0, C4<0>, C4<0>, C4<0>;
L_0x600001ac4070 .functor BUFZ 18, v0x6000003c8120_0, C4<000000000000000000>, C4<000000000000000000>, C4<000000000000000000>;
L_0x600001ac40e0 .functor BUFZ 18, v0x6000003c86c0_0, C4<000000000000000000>, C4<000000000000000000>, C4<000000000000000000>;
L_0x600001ac4150 .functor BUFZ 18, v0x6000003c8240_0, C4<000000000000000000>, C4<000000000000000000>, C4<000000000000000000>;
v0x6000003c8000_0 .net/s "angle", 1 -16, L_0x600001ac4150;  alias, 1 drivers
v0x6000003c8090_0 .net "clk", 0 0, v0x6000003c8cf0_0;  1 drivers
v0x6000003c8120_0 .var/s "cos", 1 -16;
v0x6000003c81b0_0 .net/s "cosine", 1 -16, L_0x600001ac4070;  alias, 1 drivers
v0x6000003c8240_0 .var/s "current_ang", 1 -16;
v0x6000003c82d0_0 .var "cycle", 3 0;
v0x6000003c8360_0 .var/s "delta_ang", 1 -16;
v0x6000003c83f0_0 .net "done", 0 0, L_0x600001ac4000;  alias, 1 drivers
v0x6000003c8480_0 .net "init", 0 0, v0x6000003c8f30_0;  1 drivers
v0x6000003c8510_0 .var/s "new_ang", 1 -16;
v0x6000003c85a0_0 .var/s "new_cos", 1 -16;
v0x6000003c8630_0 .var/s "new_sin", 1 -16;
v0x6000003c86c0_0 .var/s "sin", 1 -16;
v0x6000003c8750_0 .net/s "sine", 1 -16, L_0x600001ac40e0;  alias, 1 drivers
v0x6000003c87e0_0 .var "state", 0 0;
v0x6000003c8870_0 .net/s "target_angle", 1 -16, v0x6000003c8bd0_0;  1 drivers
E_0x600003fc81e0/0 .event edge, v0x6000003c8870_0, v0x6000003c8000_0, v0x6000003c8240_0, v0x6000003c8360_0;
E_0x600003fc81e0/1 .event edge, v0x6000003c8120_0, v0x6000003c86c0_0, v0x6000003c82d0_0;
E_0x600003fc81e0 .event/or E_0x600003fc81e0/0, E_0x600003fc81e0/1;
E_0x600003fc83c0 .event posedge, v0x6000003c8090_0;
E_0x600003fc93e0 .event edge, v0x6000003c82d0_0;
S_0x7f8846a04360 .scope task, "run_cordic" "run_cordic" 2 14, 2 14 0, S_0x7f8846a04080;
 .timescale -9 -12;
v0x6000003c8900_0 .var/s "angle", 1 -16;
TD_cordic_tb.run_cordic ;
    %load/vec4 v0x6000003c8900_0;
    %cvt/rv/s;
    %pushi/real 1073741824, 4082; load=65536.0
    %div/wr;
    %load/vec4 v0x6000003c8900_0;
    %cvt/rv/s;
    %pushi/real 1922527337, 4055; load=0.000874264
    %pushi/real 2343416, 4033; load=0.000874264
    %add/wr;
    %mul/wr;
    %vpi_call 2 16 "$display", "test fro input angle %d (%15.12f rads, %10.6f degs)", v0x6000003c8900_0, W<1,r>, W<0,r> {0 2 0};
    %pushi/vec4 0, 0, 1;
    %store/vec4 v0x6000003c8cf0_0, 0, 1;
    %pushi/vec4 0, 0, 1;
    %store/vec4 v0x6000003c8f30_0, 0, 1;
    %load/vec4 v0x6000003c8900_0;
    %store/vec4 v0x6000003c8bd0_0, 0, 18;
    %delay 5000, 0;
    %pushi/vec4 1, 0, 1;
    %store/vec4 v0x6000003c8f30_0, 0, 1;
    %pushi/vec4 0, 0, 32;
    %store/vec4 v0x6000003c8e10_0, 0, 32;
    %delay 5000, 0;
    %pushi/vec4 1, 0, 1;
    %store/vec4 v0x6000003c8cf0_0, 0, 1;
    %delay 5000, 0;
    %pushi/vec4 0, 0, 1;
    %store/vec4 v0x6000003c8f30_0, 0, 1;
    %delay 5000, 0;
    %pushi/vec4 0, 0, 1;
    %store/vec4 v0x6000003c8cf0_0, 0, 1;
T_0.0 ;
    %load/vec4 v0x6000003c8ea0_0;
    %cmpi/e 0, 0, 1;
    %jmp/0xz T_0.1, 4;
    %delay 5000, 0;
    %pushi/vec4 1, 0, 1;
    %store/vec4 v0x6000003c8cf0_0, 0, 1;
    %delay 10000, 0;
    %pushi/vec4 0, 0, 1;
    %store/vec4 v0x6000003c8cf0_0, 0, 1;
    %delay 5000, 0;
    %load/vec4 v0x6000003c8e10_0;
    %addi 1, 0, 32;
    %store/vec4 v0x6000003c8e10_0, 0, 32;
    %pushi/vec4 0, 0, 1;
    %store/vec4 v0x6000003c8f30_0, 0, 1;
    %jmp T_0.0;
T_0.1 ;
    %delay 5000, 0;
    %vpi_call 2 31 "$display", "%6t: %3d: init %1b, done %1b, angle %18b, cos %18b, sin %18b", $time, v0x6000003c8e10_0, v0x6000003c8f30_0, v0x6000003c8ea0_0, v0x6000003c8c60_0, v0x6000003c8d80_0, v0x6000003c8fc0_0 {0 0 0};
    %load/vec4 v0x6000003c8c60_0;
    %cvt/rv/s;
    %pushi/real 1073741824, 4082; load=65536.0
    %div/wr;
    %load/vec4 v0x6000003c8d80_0;
    %cvt/rv/s;
    %pushi/real 1073741824, 4082; load=65536.0
    %div/wr;
    %load/vec4 v0x6000003c8fc0_0;
    %cvt/rv/s;
    %pushi/real 1073741824, 4082; load=65536.0
    %div/wr;
    %vpi_call 2 33 "$display", "\011angle %d (%15.12f), cos %d (%15.12f) sin %d (%15.12f)", v0x6000003c8c60_0, W<2,r>, v0x6000003c8d80_0, W<1,r>, v0x6000003c8fc0_0, W<0,r> {0 3 0};
    %end;
S_0x7f8846a044d0 .scope task, "run_display" "run_display" 2 38, 2 38 0, S_0x7f8846a04080;
 .timescale -9 -12;
v0x6000003c8990_0 .var/s "angle", 1 -16;
v0x6000003c8a20_0 .var/i "expected_angle", 31 0;
v0x6000003c8ab0_0 .var/i "expected_cosine", 31 0;
v0x6000003c8b40_0 .var/i "expected_sine", 31 0;
TD_cordic_tb.run_display ;
    %load/vec4 v0x6000003c8990_0;
    %store/vec4 v0x6000003c8900_0, 0, 18;
    %fork TD_cordic_tb.run_cordic, S_0x7f8846a04360;
    %join;
    %vpi_call 2 41 "$display", "Results hsould be: angle: %d, cosine: %d, sine: %d\012\012", v0x6000003c8a20_0, v0x6000003c8ab0_0, v0x6000003c8b40_0 {0 0 0};
    %end;
    .scope S_0x7f8846a041f0;
T_2 ;
    %wait E_0x600003fc93e0;
    %load/vec4 v0x6000003c82d0_0;
    %dup/vec4;
    %pushi/vec4 0, 0, 4;
    %cmp/u;
    %jmp/1 T_2.0, 6;
    %dup/vec4;
    %pushi/vec4 1, 0, 4;
    %cmp/u;
    %jmp/1 T_2.1, 6;
    %dup/vec4;
    %pushi/vec4 2, 0, 4;
    %cmp/u;
    %jmp/1 T_2.2, 6;
    %dup/vec4;
    %pushi/vec4 3, 0, 4;
    %cmp/u;
    %jmp/1 T_2.3, 6;
    %dup/vec4;
    %pushi/vec4 4, 0, 4;
    %cmp/u;
    %jmp/1 T_2.4, 6;
    %dup/vec4;
    %pushi/vec4 5, 0, 4;
    %cmp/u;
    %jmp/1 T_2.5, 6;
    %dup/vec4;
    %pushi/vec4 6, 0, 4;
    %cmp/u;
    %jmp/1 T_2.6, 6;
    %dup/vec4;
    %pushi/vec4 7, 0, 4;
    %cmp/u;
    %jmp/1 T_2.7, 6;
    %dup/vec4;
    %pushi/vec4 8, 0, 4;
    %cmp/u;
    %jmp/1 T_2.8, 6;
    %dup/vec4;
    %pushi/vec4 9, 0, 4;
    %cmp/u;
    %jmp/1 T_2.9, 6;
    %dup/vec4;
    %pushi/vec4 10, 0, 4;
    %cmp/u;
    %jmp/1 T_2.10, 6;
    %dup/vec4;
    %pushi/vec4 11, 0, 4;
    %cmp/u;
    %jmp/1 T_2.11, 6;
    %dup/vec4;
    %pushi/vec4 12, 0, 4;
    %cmp/u;
    %jmp/1 T_2.12, 6;
    %dup/vec4;
    %pushi/vec4 13, 0, 4;
    %cmp/u;
    %jmp/1 T_2.13, 6;
    %dup/vec4;
    %pushi/vec4 14, 0, 4;
    %cmp/u;
    %jmp/1 T_2.14, 6;
    %dup/vec4;
    %pushi/vec4 15, 0, 4;
    %cmp/u;
    %jmp/1 T_2.15, 6;
    %jmp T_2.16;
T_2.0 ;
    %pushi/vec4 51472, 0, 18;
    %store/vec4 v0x6000003c8360_0, 0, 18;
    %jmp T_2.16;
T_2.1 ;
    %pushi/vec4 30386, 0, 18;
    %store/vec4 v0x6000003c8360_0, 0, 18;
    %jmp T_2.16;
T_2.2 ;
    %pushi/vec4 16055, 0, 18;
    %store/vec4 v0x6000003c8360_0, 0, 18;
    %jmp T_2.16;
T_2.3 ;
    %pushi/vec4 4091, 0, 18;
    %store/vec4 v0x6000003c8360_0, 0, 18;
    %jmp T_2.16;
T_2.4 ;
    %pushi/vec4 2047, 0, 18;
    %store/vec4 v0x6000003c8360_0, 0, 18;
    %jmp T_2.16;
T_2.5 ;
    %pushi/vec4 1024, 0, 18;
    %store/vec4 v0x6000003c8360_0, 0, 18;
    %jmp T_2.16;
T_2.6 ;
    %pushi/vec4 512, 0, 18;
    %store/vec4 v0x6000003c8360_0, 0, 18;
    %jmp T_2.16;
T_2.7 ;
    %pushi/vec4 256, 0, 18;
    %store/vec4 v0x6000003c8360_0, 0, 18;
    %jmp T_2.16;
T_2.8 ;
    %pushi/vec4 128, 0, 18;
    %store/vec4 v0x6000003c8360_0, 0, 18;
    %jmp T_2.16;
T_2.9 ;
    %pushi/vec4 64, 0, 18;
    %store/vec4 v0x6000003c8360_0, 0, 18;
    %jmp T_2.16;
T_2.10 ;
    %pushi/vec4 32, 0, 18;
    %store/vec4 v0x6000003c8360_0, 0, 18;
    %jmp T_2.16;
T_2.11 ;
    %pushi/vec4 16, 0, 18;
    %store/vec4 v0x6000003c8360_0, 0, 18;
    %jmp T_2.16;
T_2.12 ;
    %pushi/vec4 8, 0, 18;
    %store/vec4 v0x6000003c8360_0, 0, 18;
    %jmp T_2.16;
T_2.13 ;
    %pushi/vec4 4, 0, 18;
    %store/vec4 v0x6000003c8360_0, 0, 18;
    %jmp T_2.16;
T_2.14 ;
    %pushi/vec4 2, 0, 18;
    %store/vec4 v0x6000003c8360_0, 0, 18;
    %jmp T_2.16;
T_2.15 ;
    %pushi/vec4 1, 0, 18;
    %store/vec4 v0x6000003c8360_0, 0, 18;
    %jmp T_2.16;
T_2.16 ;
    %pop/vec4 1;
    %jmp T_2;
    .thread T_2, $push;
    .scope S_0x7f8846a041f0;
T_3 ;
    %wait E_0x600003fc83c0;
    %load/vec4 v0x6000003c8480_0;
    %cmpi/e 1, 0, 1;
    %jmp/0xz  T_3.0, 4;
    %pushi/vec4 0, 0, 1;
    %assign/vec4 v0x6000003c87e0_0, 0;
    %pushi/vec4 0, 0, 4;
    %assign/vec4 v0x6000003c82d0_0, 0;
    %pushi/vec4 0, 0, 18;
    %assign/vec4 v0x6000003c8240_0, 0;
    %pushi/vec4 39797, 0, 18;
    %assign/vec4 v0x6000003c8120_0, 0;
    %pushi/vec4 0, 0, 18;
    %assign/vec4 v0x6000003c86c0_0, 0;
    %jmp T_3.1;
T_3.0 ;
    %load/vec4 v0x6000003c87e0_0;
    %pad/u 32;
    %cmpi/e 0, 0, 32;
    %jmp/0xz  T_3.2, 4;
    %load/vec4 v0x6000003c82d0_0;
    %pad/u 32;
    %cmpi/e 15, 0, 32;
    %jmp/0xz  T_3.4, 4;
    %pushi/vec4 1, 0, 1;
    %assign/vec4 v0x6000003c87e0_0, 0;
T_3.4 ;
    %load/vec4 v0x6000003c85a0_0;
    %assign/vec4 v0x6000003c8120_0, 0;
    %load/vec4 v0x6000003c8630_0;
    %assign/vec4 v0x6000003c86c0_0, 0;
    %load/vec4 v0x6000003c8510_0;
    %assign/vec4 v0x6000003c8240_0, 0;
    %load/vec4 v0x6000003c82d0_0;
    %addi 1, 0, 4;
    %assign/vec4 v0x6000003c82d0_0, 0;
T_3.2 ;
T_3.1 ;
    %jmp T_3;
    .thread T_3;
    .scope S_0x7f8846a041f0;
T_4 ;
    %wait E_0x600003fc81e0;
    %load/vec4 v0x6000003c8000_0;
    %load/vec4 v0x6000003c8870_0;
    %cmp/s;
    %flag_or 5, 4;
    %jmp/0xz  T_4.0, 5;
    %load/vec4 v0x6000003c8240_0;
    %load/vec4 v0x6000003c8360_0;
    %add;
    %assign/vec4 v0x6000003c8510_0, 0;
    %load/vec4 v0x6000003c8120_0;
    %load/vec4 v0x6000003c86c0_0;
    %ix/getv 4, v0x6000003c82d0_0;
    %shiftr/s 4;
    %sub;
    %assign/vec4 v0x6000003c85a0_0, 0;
    %load/vec4 v0x6000003c86c0_0;
    %load/vec4 v0x6000003c8120_0;
    %ix/getv 4, v0x6000003c82d0_0;
    %shiftr/s 4;
    %sub;
    %assign/vec4 v0x6000003c8630_0, 0;
T_4.0 ;
    %jmp T_4;
    .thread T_4, $push;
    .scope S_0x7f8846a04080;
T_5 ;
    %delay 0, 0;
    %pushi/vec4 0, 0, 18;
    %store/vec4 v0x6000003c8990_0, 0, 18;
    %pushi/vec4 4294967295, 0, 32;
    %store/vec4 v0x6000003c8a20_0, 0, 32;
    %pushi/vec4 65536, 0, 32;
    %store/vec4 v0x6000003c8ab0_0, 0, 32;
    %pushi/vec4 2, 0, 32;
    %store/vec4 v0x6000003c8b40_0, 0, 32;
    %fork TD_cordic_tb.run_display, S_0x7f8846a044d0;
    %join;
    %delay 100000, 0;
    %pushi/vec4 102944, 0, 18;
    %store/vec4 v0x6000003c8990_0, 0, 18;
    %pushi/vec4 102945, 0, 32;
    %store/vec4 v0x6000003c8a20_0, 0, 32;
    %pushi/vec4 2, 0, 32;
    %store/vec4 v0x6000003c8ab0_0, 0, 32;
    %pushi/vec4 65536, 0, 32;
    %store/vec4 v0x6000003c8b40_0, 0, 32;
    %fork TD_cordic_tb.run_display, S_0x7f8846a044d0;
    %join;
    %delay 100000, 0;
    %pushi/vec4 51472, 0, 18;
    %store/vec4 v0x6000003c8990_0, 0, 18;
    %pushi/vec4 51473, 0, 32;
    %store/vec4 v0x6000003c8a20_0, 0, 32;
    %pushi/vec4 46341, 0, 32;
    %store/vec4 v0x6000003c8ab0_0, 0, 32;
    %pushi/vec4 46342, 0, 32;
    %store/vec4 v0x6000003c8b40_0, 0, 32;
    %fork TD_cordic_tb.run_display, S_0x7f8846a044d0;
    %join;
    %delay 100000, 0;
    %pushi/vec4 25736, 0, 18;
    %store/vec4 v0x6000003c8990_0, 0, 18;
    %pushi/vec4 25737, 0, 32;
    %store/vec4 v0x6000003c8a20_0, 0, 32;
    %pushi/vec4 60546, 0, 32;
    %store/vec4 v0x6000003c8ab0_0, 0, 32;
    %pushi/vec4 25081, 0, 32;
    %store/vec4 v0x6000003c8b40_0, 0, 32;
    %fork TD_cordic_tb.run_display, S_0x7f8846a044d0;
    %join;
    %delay 100000, 0;
    %pushi/vec4 77208, 0, 18;
    %store/vec4 v0x6000003c8990_0, 0, 18;
    %pushi/vec4 77207, 0, 32;
    %store/vec4 v0x6000003c8a20_0, 0, 32;
    %pushi/vec4 25081, 0, 32;
    %store/vec4 v0x6000003c8ab0_0, 0, 32;
    %pushi/vec4 60546, 0, 32;
    %store/vec4 v0x6000003c8b40_0, 0, 32;
    %fork TD_cordic_tb.run_display, S_0x7f8846a044d0;
    %join;
    %delay 100000, 0;
    %pushi/vec4 159200, 0, 18;
    %store/vec4 v0x6000003c8990_0, 0, 18;
    %pushi/vec4 4294864351, 0, 32;
    %store/vec4 v0x6000003c8a20_0, 0, 32;
    %pushi/vec4 4294967294, 0, 32;
    %store/vec4 v0x6000003c8ab0_0, 0, 32;
    %pushi/vec4 65536, 0, 32;
    %store/vec4 v0x6000003c8b40_0, 0, 32;
    %fork TD_cordic_tb.run_display, S_0x7f8846a044d0;
    %join;
    %delay 100000, 0;
    %pushi/vec4 210672, 0, 18;
    %store/vec4 v0x6000003c8990_0, 0, 18;
    %pushi/vec4 4294915823, 0, 32;
    %store/vec4 v0x6000003c8a20_0, 0, 32;
    %pushi/vec4 46341, 0, 32;
    %store/vec4 v0x6000003c8ab0_0, 0, 32;
    %pushi/vec4 4294920954, 0, 32;
    %store/vec4 v0x6000003c8b40_0, 0, 32;
    %fork TD_cordic_tb.run_display, S_0x7f8846a044d0;
    %join;
    %end;
    .thread T_5;
    .scope S_0x7f8846a04080;
T_6 ;
    %vpi_call 2 70 "$dumpfile", "Cordic1.vcd" {0 0 0};
    %vpi_call 2 71 "$dumpvars" {0 0 0};
    %end;
    .thread T_6;
# The file index is used to find the file name in the following table.
:file_names 4;
    "N/A";
    "<interactive>";
    "verilog/cordic_tb.v";
    "verilog/Cordic1.v";
